<?xml version="1.0" encoding="UTF-8"?>
<testng-results skipped="0" failed="0" total="1" passed="1">
  <reporter-output>
  </reporter-output>
  <suite name="Default suite" duration-ms="6044" started-at="2014-09-02T01:55:40Z" finished-at="2014-09-02T01:55:46Z">
    <groups>
    </groups>
    <test name="Default test" duration-ms="6044" started-at="2014-09-02T01:55:40Z" finished-at="2014-09-02T01:55:46Z">
      <class name="beryl.lesson.selenium.ExampleForAjax">
        <test-method status="PASS" signature="init()[pri:0, instance:beryl.lesson.selenium.ExampleForAjax@2fcdbaf7]" name="init" is-config="true" duration-ms="3327" started-at="2014-09-02T09:55:40Z" finished-at="2014-09-02T09:55:43Z">
          <reporter-output>
          </reporter-output>
        </test-method> <!-- init -->
        <test-method status="PASS" signature="test()[pri:0, instance:beryl.lesson.selenium.ExampleForAjax@2fcdbaf7]" name="test" duration-ms="2558" started-at="2014-09-02T09:55:43Z" finished-at="2014-09-02T09:55:46Z">
          <reporter-output>
          </reporter-output>
        </test-method> <!-- test -->
        <test-method status="PASS" signature="destory()[pri:0, instance:beryl.lesson.selenium.ExampleForAjax@2fcdbaf7]" name="destory" is-config="true" duration-ms="140" started-at="2014-09-02T09:55:46Z" finished-at="2014-09-02T09:55:46Z">
          <reporter-output>
          </reporter-output>
        </test-method> <!-- destory -->
      </class> <!-- beryl.lesson.selenium.ExampleForAjax -->
    </test> <!-- Default test -->
  </suite> <!-- Default suite -->
</testng-results>
